Android/app/build/outputs/logs/manifest-merger-debug-report.txt
-- Merging decision tree log ---
manifest
ADDED from src\main\AndroidManifest.xml:2:1-105:12
	package
		ADDED from src\main\AndroidManifest.xml:3:5-32
		INJECTED from src\main\AndroidManifest.xml
		INJECTED from src\main\AndroidManifest.xml
	android:versionName
		ADDED from src\main\AndroidManifest.xml:6:5-30
		INJECTED from src\main\AndroidManifest.xml
		INJECTED from src\main\AndroidManifest.xml
	android:versionCode
		ADDED from src\main\AndroidManifest.xml:5:5-28
		INJECTED from src\main\AndroidManifest.xml
		INJECTED from src\main\AndroidManifest.xml
	xmlns:android
		ADDED from src\main\AndroidManifest.xml:2:11-69
	android:installLocation
		ADDED from src\main\AndroidManifest.xml:4:5-45
uses-sdk
ADDED from src\main\AndroidManifest.xml:8:5-10:41
MERGED from [com.android.support:appcompat-v7:23.1.1] AndroidManifest.xml:20:5-43
MERGED from [com.android.support:support-v4:23.1.1] AndroidManifest.xml:20:5-43
MERGED from [com.kakao.sdk:usermgmt:1.1.18] AndroidManifest.xml:11:5-13:41
MERGED from [com.kakao.sdk:auth:1.1.18] AndroidManifest.xml:7:5-9:41
MERGED from [com.kakao.sdk:network:1.1.18] AndroidManifest.xml:8:5-10:41
MERGED from [com.kakao.sdk:util:1.1.20] AndroidManifest.xml:11:5-13:41
MERGED from [com.kakao.sdk:kakaolink:1.1.20] AndroidManifest.xml:11:5-13:41
MERGED from [com.kakao.sdk:util:1.1.20] AndroidManifest.xml:11:5-13:41
	android:targetSdkVersion
		ADDED from src\main\AndroidManifest.xml:10:9-38
		INJECTED from src\main\AndroidManifest.xml
		INJECTED from src\main\AndroidManifest.xml
	android:minSdkVersion
		ADDED from src\main\AndroidManifest.xml:9:9-35
		INJECTED from src\main\AndroidManifest.xml
		INJECTED from src\main\AndroidManifest.xml
supports-screens
ADDED from src\main\AndroidManifest.xml:12:5-17:40
	android:largeScreens
		ADDED from src\main\AndroidManifest.xml:14:9-36
	android:smallScreens
		ADDED from src\main\AndroidManifest.xml:16:9-36
	android:normalScreens
		ADDED from src\main\AndroidManifest.xml:15:9-37
	android:xlargeScreens
		ADDED from src\main\AndroidManifest.xml:17:9-37
	android:anyDensity
		ADDED from src\main\AndroidManifest.xml:13:9-34
uses-feature#0x00020000
ADDED from src\main\AndroidManifest.xml:19:5-54
	android:glEsVersion
		ADDED from src\main\AndroidManifest.xml:19:19-51
uses-permission#android.permission.INTERNET
ADDED from src\main\AndroidManifest.xml:21:5-67
	android:name
		ADDED from src\main\AndroidManifest.xml:21:22-64
uses-permission#android.permission.READ_PHONE_STATE
ADDED from src\main\AndroidManifest.xml:22:5-75
	android:name
		ADDED from src\main\AndroidManifest.xml:22:22-72
uses-permission#android.permission.ACCESS_NETWORK_STATE
ADDED from src\main\AndroidManifest.xml:23:5-79
	android:name
		ADDED from src\main\AndroidManifest.xml:23:22-76
uses-feature#android.hardware.touchscreen
ADDED from src\main\AndroidManifest.xml:25:5-27:36
	android:required
		ADDED from src\main\AndroidManifest.xml:27:9-33
	android:name
		ADDED from src\main\AndroidManifest.xml:26:9-52
uses-feature#android.hardware.touchscreen.multitouch
ADDED from src\main\AndroidManifest.xml:28:5-30:36
	android:required
		ADDED from src\main\AndroidManifest.xml:30:9-33
	android:name
		ADDED from src\main\AndroidManifest.xml:29:9-63
uses-feature#android.hardware.touchscreen.multitouch.distinct
ADDED from src\main\AndroidManifest.xml:31:5-33:36
	android:required
		ADDED from src\main\AndroidManifest.xml:33:9-33
	android:name
		ADDED from src\main\AndroidManifest.xml:32:9-72
android:uses-permission#android.permission.WRITE_EXTERNAL_STORAGE
ADDED from src\main\AndroidManifest.xml:35:5-89
	android:name
		ADDED from src\main\AndroidManifest.xml:35:30-86
android:uses-permission#android.permission.READ_EXTERNAL_STORAGE
ADDED from src\main\AndroidManifest.xml:36:5-88
	android:name
		ADDED from src\main\AndroidManifest.xml:36:30-85
application
ADDED from src\main\AndroidManifest.xml:38:5-103:19
MERGED from [com.android.support:appcompat-v7:23.1.1] AndroidManifest.xml:22:5-20
MERGED from [com.android.support:support-v4:23.1.1] AndroidManifest.xml:22:5-20
MERGED from [com.kakao.sdk:auth:1.1.18] AndroidManifest.xml:11:5-23:19
	android:label
		ADDED from src\main\AndroidManifest.xml:43:9-41
	android:icon
		ADDED from src\main\AndroidManifest.xml:41:9-42
	android:banner
		ADDED from src\main\AndroidManifest.xml:40:9-46
	android:theme
		ADDED from src\main\AndroidManifest.xml:44:9-67
	android:isGame
		ADDED from src\main\AndroidManifest.xml:42:9-30
	android:name
		ADDED from src\main\AndroidManifest.xml:39:9-48
meta-data#com.kakao.sdk.AppKey
ADDED from src\main\AndroidManifest.xml:45:9-47:53
	android:value
		ADDED from src\main\AndroidManifest.xml:47:13-50
	android:name
		ADDED from src\main\AndroidManifest.xml:46:13-48
activity#com.law.gong_test.unity.UnityPlayerActivity
ADDED from src\main\AndroidManifest.xml:49:9-58:20
	android:screenOrientation
		ADDED from src\main\AndroidManifest.xml:54:13-51
	android:label
		ADDED from src\main\AndroidManifest.xml:52:13-45
	android:launchMode
		ADDED from src\main\AndroidManifest.xml:53:13-44
	android:configChanges
		ADDED from src\main\AndroidManifest.xml:51:13-170
	android:name
		ADDED from src\main\AndroidManifest.xml:50:13-54
meta-data#unityplayer.UnityActivity
ADDED from src\main\AndroidManifest.xml:55:13-57:40
	android:value
		ADDED from src\main\AndroidManifest.xml:57:17-37
	android:name
		ADDED from src\main\AndroidManifest.xml:56:17-57
activity#com.law.gong_test.unity.MainActivity
ADDED from src\main\AndroidManifest.xml:59:9-72:20
	android:screenOrientation
		ADDED from src\main\AndroidManifest.xml:64:13-51
	android:label
		ADDED from src\main\AndroidManifest.xml:62:13-45
	android:launchMode
		ADDED from src\main\AndroidManifest.xml:63:13-44
	android:configChanges
		ADDED from src\main\AndroidManifest.xml:61:13-170
	android:name
		ADDED from src\main\AndroidManifest.xml:60:13-47
data
ADDED from src\main\AndroidManifest.xml:65:13-67:57
	android:host
		ADDED from src\main\AndroidManifest.xml:66:17-54
	android:scheme
		ADDED from src\main\AndroidManifest.xml:67:17-54
activity#com.law.gong_test.kakao.LoginActivity
ADDED from src\main\AndroidManifest.xml:73:9-81:20
	android:screenOrientation
		ADDED from src\main\AndroidManifest.xml:75:13-50
	android:launchMode
		ADDED from src\main\AndroidManifest.xml:74:13-44
	android:name
		ADDED from src\main\AndroidManifest.xml:73:19-54
intent-filter#android.intent.action.MAIN+android.intent.category.LAUNCHER
ADDED from src\main\AndroidManifest.xml:76:13-80:29
action#android.intent.action.MAIN
ADDED from src\main\AndroidManifest.xml:77:17-69
	android:name
		ADDED from src\main\AndroidManifest.xml:77:25-66
category#android.intent.category.LAUNCHER
ADDED from src\main\AndroidManifest.xml:79:17-77
	android:name
		ADDED from src\main\AndroidManifest.xml:79:27-74
activity#com.law.gong_test.kakao.KakaoSignupActivity
ADDED from src\main\AndroidManifest.xml:82:9-63
	android:name
		ADDED from src\main\AndroidManifest.xml:82:19-60
activity#com.law.gong_test.act.FriendActivity
ADDED from src\main\AndroidManifest.xml:83:9-92:20
	android:screenOrientation
		ADDED from src\main\AndroidManifest.xml:89:13-50
	android:label
		ADDED from src\main\AndroidManifest.xml:87:13-45
	android:launchMode
		ADDED from src\main\AndroidManifest.xml:88:13-44
	android:configChanges
		ADDED from src\main\AndroidManifest.xml:86:13-170
	android:theme
		ADDED from src\main\AndroidManifest.xml:85:13-63
	android:name
		ADDED from src\main\AndroidManifest.xml:84:13-47
activity#com.law.gong_test.act.PresentActivity
ADDED from src\main\AndroidManifest.xml:94:9-102:20
	android:screenOrientation
		ADDED from src\main\AndroidManifest.xml:99:13-50
	android:label
		ADDED from src\main\AndroidManifest.xml:97:13-45
	android:launchMode
		ADDED from src\main\AndroidManifest.xml:98:13-44
	android:configChanges
		ADDED from src\main\AndroidManifest.xml:96:13-170
	android:theme
		ADDED from src\main\AndroidManifest.xml:95:13-63
	android:name
		ADDED from src\main\AndroidManifest.xml:94:19-54
activity#com.kakao.auth.authorization.authcode.KakaoWebViewActivity
ADDED from [com.kakao.sdk:auth:1.1.18] AndroidManifest.xml:12:9-22:20
	android:label
		ADDED from [com.kakao.sdk:auth:1.1.18] AndroidManifest.xml:14:13-59
	android:launchMode
		ADDED from [com.kakao.sdk:auth:1.1.18] AndroidManifest.xml:15:13-43
	android:windowSoftInputMode
		ADDED from [com.kakao.sdk:auth:1.1.18] AndroidManifest.xml:16:13-55
	android:name
		ADDED from [com.kakao.sdk:auth:1.1.18] AndroidManifest.xml:13:13-86
intent-filter#android.intent.action.MAIN+android.intent.category.DEFAULT
ADDED from [com.kakao.sdk:auth:1.1.18] AndroidManifest.xml:17:13-21:29
category#android.intent.category.DEFAULT
ADDED from [com.kakao.sdk:auth:1.1.18] AndroidManifest.xml:20:17-76
	android:name
		ADDED from [com.kakao.sdk:auth:1.1.18] AndroidManifest.xml:20:27-73